<?xml version="1.0" encoding="UTF-8"?>
<!-- Generated by org.testng.reporters.JUnitReportReporter -->
<testsuite skipped="0" hostname="keerthana" name="crossbrowser.crossbrowsertesting" tests="2" failures="0" timestamp="07 Dec 2018 05:36:29 GMT" time="75.552" errors="0">
  <testcase name="browser" time="18.189" classname="crossbrowser.crossbrowsertesting"/>
  <testcase name="browser" time="57.363" classname="crossbrowser.crossbrowsertesting"/>
</testsuite> <!-- crossbrowser.crossbrowsertesting -->
