<?xml version="1.0" encoding="UTF-8"?>
<!-- Generated by org.testng.reporters.JUnitReportReporter -->
<testsuite skipped="0" hostname="keerthana" name="logintest.java.logintest" tests="1" failures="0" timestamp="12 Dec 2018 06:14:40 GMT" time="46.094" errors="0">
  <testcase name="demo" time="46.094" classname="logintest.java.logintest"/>
</testsuite> <!-- logintest.java.logintest -->
