<?xml version="1.0" encoding="UTF-8"?>
<!-- Generated by org.testng.reporters.JUnitReportReporter -->
<testsuite skipped="0" hostname="keerthana" name="parallel.demo" tests="4" failures="0" timestamp="06 Dec 2018 17:21:27 GMT" time="0.034" errors="0">
  <testcase name="method2" time="0.003" classname="parallel.demo"/>
  <testcase name="method3" time="0.006" classname="parallel.demo"/>
  <testcase name="method1" time="0.022" classname="parallel.demo"/>
  <testcase name="method4" time="0.003" classname="parallel.demo"/>
</testsuite> <!-- parallel.demo -->
